Script  Name =/home/ec2-user/Scripting_Files/Devops_Scripts/backup_to_s3.sh Triggered at Sat May 31 14:34:01 UTC 2025
Completed 36 Bytes/173 Bytes (1.2 KiB/s) with 7 file(s) remainingupload: Scripting_Files/TestingFiles/test2.text to s3://script-backup-cronjob/test2.text
Completed 36 Bytes/173 Bytes (1.2 KiB/s) with 6 file(s) remainingCompleted 50 Bytes/173 Bytes (973 Bytes/s) with 6 file(s) remainingupload: Scripting_Files/TestingFiles/test5.text to s3://script-backup-cronjob/test5.text
Completed 50 Bytes/173 Bytes (973 Bytes/s) with 5 file(s) remainingCompleted 69 Bytes/173 Bytes (612 Bytes/s) with 5 file(s) remainingupload: Scripting_Files/TestingFiles/test4.text to s3://script-backup-cronjob/test4.text
Completed 69 Bytes/173 Bytes (612 Bytes/s) with 4 file(s) remainingCompleted 83 Bytes/173 Bytes (733 Bytes/s) with 4 file(s) remainingupload: Scripting_Files/TestingFiles/test6.txt to s3://script-backup-cronjob/test6.txt
Completed 83 Bytes/173 Bytes (733 Bytes/s) with 3 file(s) remainingCompleted 124 Bytes/173 Bytes (1.0 KiB/s) with 3 file(s) remaining upload: Scripting_Files/TestingFiles/testfile1.com to s3://script-backup-cronjob/testfile1.com
Completed 124 Bytes/173 Bytes (1.0 KiB/s) with 2 file(s) remainingCompleted 153 Bytes/173 Bytes (1.3 KiB/s) with 2 file(s) remainingupload: Scripting_Files/TestingFiles/test3.text to s3://script-backup-cronjob/test3.text
Completed 153 Bytes/173 Bytes (1.3 KiB/s) with 1 file(s) remainingCompleted 173 Bytes/173 Bytes (1.3 KiB/s) with 1 file(s) remainingupload: Scripting_Files/TestingFiles/test3.txt to s3://script-backup-cronjob/test3.txt
Backup taken successfully with exit code 0 
Script finished at Sat May 31 14:34:02 UTC 2025
Script  Name =/home/ec2-user/Scripting_Files/Devops_Scripts/backup_to_s3.sh Triggered at Sat May 31 14:36:01 UTC 2025
Completed 30 Bytes/44 Bytes (768 Bytes/s) with 2 file(s) remainingupload: Scripting_Files/TestingFiles/test6.txt to s3://script-backup-cronjob/test6.txt
Completed 30 Bytes/44 Bytes (768 Bytes/s) with 1 file(s) remainingCompleted 44 Bytes/44 Bytes (497 Bytes/s) with 1 file(s) remainingupload: Scripting_Files/TestingFiles/test7.txt to s3://script-backup-cronjob/test7.txt
Backup taken successfully with exit code 0 
Script finished at Sat May 31 14:36:02 UTC 2025
Script  Name =/home/ec2-user/Scripting_Files/Devops_Scripts/backup_to_s3.sh Triggered at Sat May 31 14:38:01 UTC 2025
Backup taken successfully with exit code 0 
Script finished at Sat May 31 14:38:02 UTC 2025
Script  Name =/home/ec2-user/Scripting_Files/Devops_Scripts/backup_to_s3.sh Triggered at Sat May 31 14:40:01 UTC 2025
Backup taken successfully with exit code 0 
Script finished at Sat May 31 14:40:01 UTC 2025
